ISim log file
Running: F:\Course\CO\P6_new\CPU\CPU_TestBench_isim_beh.exe -intstyle ise -gui -tclbatch isim.cmd -wdb F:/Course/CO/P6_new/CPU/CPU_TestBench_isim_beh.wdb 
ISim P.20131013 (signature 0x7708f090)
This is a Full version of ISim.
Time resolution is 1 ps
# onerror resume
# wave add /
# run 1000 ns
Simulator is doing circuit initialization process.
Finished circuit initialization process.
                 145@00003000: $ 3 <= e0320000
                 155@00003004: $ 1 <= 00000000
                 165@00003008: $ 1 <= 0000b328
                 175@0000300c: $ 3 <= e032b328
                 185@00003010: $ 4 <= 023e0000
                 195@00003014: $ 1 <= 00000000
                 205@00003018: $ 1 <= 000089d5
                 215@0000301c: $ 4 <= 023e89d5
                 225@00003020: $ 4 <= 1df3c502
                 235@00003024: $ 5 <= 00000001
                 245@00003028: $ 5 <= 00000002
                 255@0000302c: $ 6 <= 00000000
                 265@00003030: $ 6 <= 00000000
ISim P.20131013 (signature 0x7708f090)
This is a Full version of ISim.
# run 1000 ns
Simulator is doing circuit initialization process.
Finished circuit initialization process.
                 145@00003000: $ 3 <= e0320000
                 155@00003004: $ 1 <= 00000000
                 165@00003008: $ 1 <= 0000b328
                 175@0000300c: $ 3 <= e032b328
                 185@00003010: $ 4 <= 023e0000
                 195@00003014: $ 1 <= 00000000
                 205@00003018: $ 1 <= 000089d5
                 215@0000301c: $ 4 <= 023e89d5
                 225@00003020: $ 4 <= 1dc14402
                 235@00003024: $ 5 <= 00000001
                 245@00003028: $ 5 <= 00000002
                 255@0000302c: $ 6 <= 00000000
                 265@00003030: $ 6 <= 00000000
ISim P.20131013 (signature 0x7708f090)
This is a Full version of ISim.
# run 1000 ns
Simulator is doing circuit initialization process.
Finished circuit initialization process.
                 165@000034b8: $ 1 <= 00003058
                 165@000034bc: *00000000 <= 00003058
                 185@000034c0: $ 1 <= 00003044
                 185@000034c4: *00000004 <= 00003044
                 205@000034c8: $ 1 <= 00003068
                 205@000034cc: *00000008 <= 00003068
                 225@000034d0: $ 1 <= 0000301c
                 225@000034d4: *0000000c <= 0000301c
                 245@000034d8: $ 1 <= 00003020
                 245@000034dc: *00000010 <= 00003020
                 265@000034e0: $ 1 <= 00003028
                 265@000034e4: *00000014 <= 00003028
                 285@000034e8: $ 1 <= 0000305c
                 285@000034ec: *00000018 <= 0000305c
                 305@000034f0: $ 1 <= 00003008
                 305@000034f4: *0000001c <= 00003008
                 325@000034f8: $ 1 <= 000030c4
                 325@000034fc: *00000020 <= 000030c4
                 345@00003500: $ 1 <= 000030a0
                 345@00003504: *00000024 <= 000030a0
                 365@00003508: $ 1 <= 00003050
                 365@0000350c: *00000028 <= 00003050
                 385@00003510: $ 1 <= 00003094
                 385@00003514: *0000002c <= 00003094
                 405@00003518: $ 1 <= 00003084
                 405@0000351c: *00000030 <= 00003084
                 425@00003520: $ 1 <= 00003054
                 425@00003524: *00000034 <= 00003054
                 445@00003528: $ 1 <= 00003014
                 445@0000352c: *00000038 <= 00003014
                 465@00003530: $ 1 <= 00003048
                 465@00003534: *0000003c <= 00003048
                 485@00003538: $ 1 <= 00003078
                 485@0000353c: *00000040 <= 00003078
                 505@00003540: $ 1 <= 00003040
                 505@00003544: *00000044 <= 00003040
                 525@00003548: $ 1 <= 00003038
                 525@0000354c: *00000048 <= 00003038
                 545@00003550: $ 1 <= 0000302c
                 545@00003554: *0000004c <= 0000302c
                 565@00003558: $ 1 <= 0000304c
                 565@0000355c: *00000050 <= 0000304c
                 585@00003560: $ 1 <= 00003090
                 585@00003564: *00000054 <= 00003090
                 605@00003568: $ 1 <= 000030c8
                 605@0000356c: *00000058 <= 000030c8
                 625@00003570: $ 1 <= 0000303c
                 625@00003574: *0000005c <= 0000303c
                 645@00003578: $ 1 <= 00003018
                 645@0000357c: *00000060 <= 00003018
                 665@00003580: $ 1 <= 000030cc
                 665@00003584: *00000064 <= 000030cc
                 685@00003588: $ 1 <= 0000309c
                 685@0000358c: *00000068 <= 0000309c
                 705@00003590: $ 1 <= 0000306c
                 705@00003594: *0000006c <= 0000306c
                 725@00003598: $ 1 <= 00003064
                 725@0000359c: *00000070 <= 00003064
                 745@000035a0: $ 1 <= 0000308c
                 745@000035a4: *00000074 <= 0000308c
                 765@000035a8: $ 1 <= 000030c0
                 765@000035ac: *00000078 <= 000030c0
                 785@000035b0: $ 1 <= 00003088
                 785@000035b4: *0000007c <= 00003088
                 805@000035b8: $ 1 <= 000030bc
                 805@000035bc: *00000080 <= 000030bc
                 825@000035c0: $ 1 <= 000030b8
                 825@000035c4: *00000084 <= 000030b8
                 845@000035c8: $ 1 <= 00003010
                 845@000035cc: *00000088 <= 00003010
                 865@000035d0: $ 1 <= 000030a4
                 865@000035d4: *0000008c <= 000030a4
                 885@000035d8: $ 1 <= 00003034
                 885@000035dc: *00000090 <= 00003034
                 905@000035e0: $ 1 <= 000030b0
                 905@000035e4: *00000094 <= 000030b0
                 925@000035e8: $ 1 <= 0000300c
                 925@000035ec: *00000098 <= 0000300c
                 945@000035f0: $ 1 <= 00003024
                 945@000035f4: *0000009c <= 00003024
                 965@000035f8: $ 1 <= 00003070
                 965@000035fc: *000000a0 <= 00003070
                 985@00003600: $ 1 <= 00003098
                 985@00003604: *000000a4 <= 00003098
ISim P.20131013 (signature 0x7708f090)
This is a Full version of ISim.
# run 1000 ns
Simulator is doing circuit initialization process.
Finished circuit initialization process.
                 165@000034b8: $ 1 <= 00003058
                 165@000034bc: *00000000 <= 00003058
                 185@000034c0: $ 1 <= 00003044
                 185@000034c4: *00000004 <= 00003044
                 205@000034c8: $ 1 <= 00003068
                 205@000034cc: *00000008 <= 00003068
                 225@000034d0: $ 1 <= 0000301c
                 225@000034d4: *0000000c <= 0000301c
                 245@000034d8: $ 1 <= 00003020
                 245@000034dc: *00000010 <= 00003020
                 265@000034e0: $ 1 <= 00003028
                 265@000034e4: *00000014 <= 00003028
                 285@000034e8: $ 1 <= 0000305c
                 285@000034ec: *00000018 <= 0000305c
                 305@000034f0: $ 1 <= 00003008
                 305@000034f4: *0000001c <= 00003008
                 325@000034f8: $ 1 <= 000030c4
                 325@000034fc: *00000020 <= 000030c4
                 345@00003500: $ 1 <= 000030a0
                 345@00003504: *00000024 <= 000030a0
                 365@00003508: $ 1 <= 00003050
                 365@0000350c: *00000028 <= 00003050
                 385@00003510: $ 1 <= 00003094
                 385@00003514: *0000002c <= 00003094
                 405@00003518: $ 1 <= 00003084
                 405@0000351c: *00000030 <= 00003084
                 425@00003520: $ 1 <= 00003054
                 425@00003524: *00000034 <= 00003054
                 445@00003528: $ 1 <= 00003014
                 445@0000352c: *00000038 <= 00003014
                 465@00003530: $ 1 <= 00003048
                 465@00003534: *0000003c <= 00003048
                 485@00003538: $ 1 <= 00003078
                 485@0000353c: *00000040 <= 00003078
                 505@00003540: $ 1 <= 00003040
                 505@00003544: *00000044 <= 00003040
                 525@00003548: $ 1 <= 00003038
                 525@0000354c: *00000048 <= 00003038
                 545@00003550: $ 1 <= 0000302c
                 545@00003554: *0000004c <= 0000302c
                 565@00003558: $ 1 <= 0000304c
                 565@0000355c: *00000050 <= 0000304c
                 585@00003560: $ 1 <= 00003090
                 585@00003564: *00000054 <= 00003090
                 605@00003568: $ 1 <= 000030c8
                 605@0000356c: *00000058 <= 000030c8
                 625@00003570: $ 1 <= 0000303c
                 625@00003574: *0000005c <= 0000303c
                 645@00003578: $ 1 <= 00003018
                 645@0000357c: *00000060 <= 00003018
                 665@00003580: $ 1 <= 000030cc
                 665@00003584: *00000064 <= 000030cc
                 685@00003588: $ 1 <= 0000309c
                 685@0000358c: *00000068 <= 0000309c
                 705@00003590: $ 1 <= 0000306c
                 705@00003594: *0000006c <= 0000306c
                 725@00003598: $ 1 <= 00003064
                 725@0000359c: *00000070 <= 00003064
                 745@000035a0: $ 1 <= 0000308c
                 745@000035a4: *00000074 <= 0000308c
                 765@000035a8: $ 1 <= 000030c0
                 765@000035ac: *00000078 <= 000030c0
                 785@000035b0: $ 1 <= 00003088
                 785@000035b4: *0000007c <= 00003088
                 805@000035b8: $ 1 <= 000030bc
                 805@000035bc: *00000080 <= 000030bc
                 825@000035c0: $ 1 <= 000030b8
                 825@000035c4: *00000084 <= 000030b8
                 845@000035c8: $ 1 <= 00003010
                 845@000035cc: *00000088 <= 00003010
                 865@000035d0: $ 1 <= 000030a4
                 865@000035d4: *0000008c <= 000030a4
                 885@000035d8: $ 1 <= 00003034
                 885@000035dc: *00000090 <= 00003034
                 905@000035e0: $ 1 <= 000030b0
                 905@000035e4: *00000094 <= 000030b0
                 925@000035e8: $ 1 <= 0000300c
                 925@000035ec: *00000098 <= 0000300c
                 945@000035f0: $ 1 <= 00003024
                 945@000035f4: *0000009c <= 00003024
                 965@000035f8: $ 1 <= 00003070
                 965@000035fc: *000000a0 <= 00003070
                 985@00003600: $ 1 <= 00003098
                 985@00003604: *000000a4 <= 00003098
