Running: D:\Xilinx\14.7\ISE_DS\ISE\bin\nt64\unwrapped\fuse.exe -intstyle ise -incremental -lib unisims_ver -lib unimacro_ver -lib xilinxcorelib_ver -o F:/Course/CO/P5/CPU/CPU_TestBench_isim_beh.exe -prj F:/Course/CO/P5/CPU/CPU_TestBench_beh.prj work.CPU_TestBench work.glbl 
ISim P.20131013 (signature 0x7708f090)
Number of CPUs detected in this system: 12
Turning on mult-threading, number of parallel sub-compilation jobs: 24 
Determining compilation order of HDL files
Analyzing Verilog file "F:/Course/CO/P5/CPU/ProgramCounter.v" into library work
Analyzing Verilog file "F:/Course/CO/P5/CPU/NPC.v" into library work
Analyzing Verilog file "F:/Course/CO/P5/CPU/InstrDecoder.v" into library work
Analyzing Verilog file "F:/Course/CO/P5/CPU/IM.v" into library work
Analyzing Verilog file "F:/Course/CO/P5/CPU/GRF.v" into library work
Analyzing Verilog file "F:/Course/CO/P5/CPU/Extender.v" into library work
Analyzing Verilog file "F:/Course/CO/P5/CPU/DM.v" into library work
Analyzing Verilog file "F:/Course/CO/P5/CPU/AT_Cal.v" into library work
Analyzing Verilog file "F:/Course/CO/P5/CPU/ALUOpDecoder.v" into library work
Analyzing Verilog file "F:/Course/CO/P5/CPU/ALU.v" into library work
Analyzing Verilog file "F:/Course/CO/P5/CPU/StallUnit.v" into library work
Analyzing Verilog file "F:/Course/CO/P5/CPU/Mem.v" into library work
Analyzing Verilog file "F:/Course/CO/P5/CPU/IF.v" into library work
Analyzing Verilog file "F:/Course/CO/P5/CPU/ID.v" into library work
Analyzing Verilog file "F:/Course/CO/P5/CPU/Ex.v" into library work
Analyzing Verilog file "F:/Course/CO/P5/CPU/BypassController.v" into library work
Analyzing Verilog file "F:/Course/CO/P5/CPU/mips.v" into library work
Analyzing Verilog file "F:/Course/CO/P5/CPU/mips_tb.v" into library work
Analyzing Verilog file "D:/Xilinx/14.7/ISE_DS/ISE//verilog/src/glbl.v" into library work
Starting static elaboration
Completed static elaboration
Compiling module BypassController
Compiling module StallUnit
Compiling module NPC
Compiling module ProgramCounter
Compiling module IM
Compiling module IF
Compiling module InstrDecoder
Compiling module Extender
Compiling module AT_Cal
Compiling module GRF
Compiling module ID
Compiling module ALUOpDecoder
Compiling module ALU
Compiling module EX
Compiling module DM
Compiling module Mem
Compiling module mips
Compiling module CPU_TestBench
Compiling module glbl
Time Resolution for simulation is 1ps.
Waiting for 1 sub-compilation(s) to finish...
Compiled 19 Verilog Units
Built simulation executable F:/Course/CO/P5/CPU/CPU_TestBench_isim_beh.exe
Fuse Memory Usage: 33360 KB
Fuse CPU Usage: 1561 ms
