ISim log file
Running: F:\Course\CO\P5\CPU\CPU_TestBench_isim_beh.exe -intstyle ise -gui -tclbatch isim.cmd -wdb F:/Course/CO/P5/CPU/CPU_TestBench_isim_beh.wdb 
ISim P.20131013 (signature 0x7708f090)
This is a Full version of ISim.
Time resolution is 1 ps
# onerror resume
# wave add /
# run 1000 ns
Simulator is doing circuit initialization process.
Finished circuit initialization process.
                 145@00003000: $24 <= 00003000
                 155@00003004: $31 <= 00000016
                 165@00003008: $31 <= 00000058
                 175@0000300c: $31 <= 00003058
                 185@00003010: $ 2 <= 00000004
                 195@00003014: $ 3 <= 00000010
                 205@00003018: $ 4 <= 00000001
                 215@0000301c: $ 5 <= 00000000
                 245@00003028: $16 <= 00000012
                 255@0000302c: $16 <= 00000048
                 265@00003030: $ 5 <= 00000001
                 275@00003034: $ 3 <= 0000000c
                 285@00003038: $31 <= 00003040
                 295@0000303c: $ 9 <= 00000001
                 325@00003028: $16 <= 00000012
                 335@0000302c: $16 <= 00000048
                 345@00003030: $ 5 <= 00000002
                 355@00003034: $ 3 <= 00000008
                 365@00003038: $31 <= 00003040
                 375@0000303c: $ 9 <= 00000002
                 405@00003028: $16 <= 00000012
                 415@0000302c: $16 <= 00000048
                 425@00003030: $ 5 <= 00000003
                 435@00003034: $ 3 <= 00000004
                 445@00003038: $31 <= 00003040
                 455@0000303c: $ 9 <= 00000003
                 485@00003028: $16 <= 00000012
                 495@0000302c: $16 <= 00000048
                 505@00003030: $ 5 <= 00000004
                 515@00003034: $ 3 <= 00000000
                 525@00003038: $31 <= 00003040
                 535@0000303c: $ 9 <= 00000004
                 565@00003050: $ 7 <= 00000001
                 575@00003054: $31 <= 0000305c
                 585@00003058: $ 8 <= 00000001
                 595@0000303c: $ 9 <= 00000005
                 605@00003040: $16 <= 00003048
                 635@00003048: $10 <= 00000001
                 645@00003048: $10 <= 00000002
                 665@00003050: $ 7 <= 00000002
                 685@00003060: $ 7 <= 12340000
                 695@00003064: $ 7 <= 12345678
                 715@0000306c: $16 <= 00000012
                 725@00003070: $ 7 <= 00000024
                 735@00003074: $12 <= 00000004
                 735@00003078: *00000008 <= 00000024
ISim P.20131013 (signature 0x7708f090)
This is a Full version of ISim.
# run 1000 ns
Simulator is doing circuit initialization process.
Finished circuit initialization process.
                 145@00003000: $24 <= 00003000
                 155@00003004: $31 <= 00000016
                 165@00003008: $31 <= 00000058
                 175@0000300c: $31 <= 00003058
                 185@00003010: $ 2 <= 00000004
                 195@00003014: $ 3 <= 00000010
                 205@00003018: $ 4 <= 00000001
                 215@0000301c: $ 5 <= 00000000
                 245@00003028: $16 <= 00000012
                 255@0000302c: $16 <= 00000048
                 265@00003030: $ 5 <= 00000001
                 275@00003034: $ 3 <= 0000000c
                 285@00003038: $31 <= 00003040
                 295@0000303c: $ 9 <= 00000001
                 325@00003028: $16 <= 00000012
                 335@0000302c: $16 <= 00000048
                 345@00003030: $ 5 <= 00000002
                 355@00003034: $ 3 <= 00000008
                 365@00003038: $31 <= 00003040
                 375@0000303c: $ 9 <= 00000002
                 405@00003028: $16 <= 00000012
                 415@0000302c: $16 <= 00000048
                 425@00003030: $ 5 <= 00000003
                 435@00003034: $ 3 <= 00000004
                 445@00003038: $31 <= 00003040
                 455@0000303c: $ 9 <= 00000003
                 485@00003028: $16 <= 00000012
                 495@0000302c: $16 <= 00000048
                 505@00003030: $ 5 <= 00000004
                 515@00003034: $ 3 <= 00000000
                 525@00003038: $31 <= 00003040
                 535@0000303c: $ 9 <= 00000004
                 565@00003050: $ 7 <= 00000001
                 575@00003054: $31 <= 0000305c
                 585@00003058: $ 8 <= 00000001
                 595@0000303c: $ 9 <= 00000005
                 605@00003040: $16 <= 00003048
                 625@00003048: $10 <= 00000001
# run 1.00us
# run 1.00us
# run 1.00us
ISim P.20131013 (signature 0x7708f090)
This is a Full version of ISim.
# run 1000 ns
Simulator is doing circuit initialization process.
Finished circuit initialization process.
                 145@00003000: $ 1 <= 00000004
                 155@00003004: $ 1 <= 00000000
                 155@00003008: *00000000 <= 00000000
# restart
# run 1.00us
Simulator is doing circuit initialization process.
Finished circuit initialization process.
                 145@00003000: $ 1 <= 00000004
                 155@00003004: $ 1 <= 00000000
                 155@00003008: *00000000 <= 00000000
ISim P.20131013 (signature 0x7708f090)
This is a Full version of ISim.
# run 1000 ns
Simulator is doing circuit initialization process.
Finished circuit initialization process.
                 145@00003000: $ 1 <= 00000000
                 145@00003004: *00000000 <= 00000000
# restart
# run 1.00us
Simulator is doing circuit initialization process.
Finished circuit initialization process.
                 145@00003000: $ 1 <= 00000000
                 145@00003004: *00000000 <= 00000000
# restart
# run 1.00us
Simulator is doing circuit initialization process.
Finished circuit initialization process.
                 145@00003000: $ 1 <= 00000000
                 145@00003004: *00000000 <= 00000000
# restart
# run all
Simulator is doing circuit initialization process.
Finished circuit initialization process.
                 145@00003000: $ 1 <= 00000000
                 145@00003004: *00000000 <= 00000000
Stopped at time : 4229 us : File "F:/Course/CO/P5/CPU/CPU_TestBench.v" Line 51
# restart
# run 1.00us
Simulator is doing circuit initialization process.
Finished circuit initialization process.
                 145@00003000: $ 1 <= 00000000
                 145@00003004: *00000000 <= 00000000
# restart
# run 1.00us
Simulator is doing circuit initialization process.
Finished circuit initialization process.
                 145@00003000: $ 1 <= 00000000
                 145@00003004: *00000000 <= 00000000
# restart
# run 1.00us
Simulator is doing circuit initialization process.
Finished circuit initialization process.
                 145@00003000: $ 1 <= 00000000
                 145@00003004: *00000000 <= 00000000
# restart
# run 1.00us
Simulator is doing circuit initialization process.
Finished circuit initialization process.
                 145@00003000: $ 1 <= 00000000
                 145@00003004: *00000000 <= 00000000
# restart
# run 1.00us
Simulator is doing circuit initialization process.
Finished circuit initialization process.
                 145@00003000: $ 1 <= 00000000
                 145@00003004: *00000000 <= 00000000
ISim P.20131013 (signature 0x7708f090)
This is a Full version of ISim.
# run 1000 ns
Simulator is doing circuit initialization process.
Finished circuit initialization process.
                 145@00003000: $ 1 <= 00000000
                 145@00003004: *00000000 <= 00000000
# restart
# run 1.00us
Simulator is doing circuit initialization process.
Finished circuit initialization process.
                 145@00003000: $ 1 <= 00000000
                 145@00003004: *00000000 <= 00000000
ISim P.20131013 (signature 0x7708f090)
This is a Full version of ISim.
# run 1000 ns
Simulator is doing circuit initialization process.
Finished circuit initialization process.
                 145@00003000: $29 <= 00003038
                 145@00003004: *00000028 <= 00003038
                 165@00003008: $ 1 <= 00000000
                 165@0000300c: *00000000 <= 00000000
                 185@00003010: $ 2 <= 00000000
                 205@00003014: $ 3 <= 00000000
                 215@00003018: $ 2 <= 00000000
                 235@0000301c: $ 3 <= 00000000
                 245@00003020: $ 2 <= 00003038
                 295@0000302c: $ 2 <= 00003038
                 345@00003038: $ 6 <= 12340000
ISim P.20131013 (signature 0x7708f090)
This is a Full version of ISim.
# run 1000 ns
Simulator is doing circuit initialization process.
Finished circuit initialization process.
                 145@00003000: $29 <= 00003038
                 145@00003004: *00000028 <= 00003038
                 165@00003008: $ 1 <= 00000000
                 175@0000300c: *00000000 <= 00000000
                 195@00003010: $ 2 <= 00000000
                 215@00003014: $ 3 <= 00000000
                 225@00003018: $ 2 <= 00000000
                 245@0000301c: $ 3 <= 00000000
                 255@00003020: $ 2 <= 00003038
                 305@0000302c: $ 2 <= 00003038
                 355@00003038: $ 6 <= 12340000
ISim P.20131013 (signature 0x7708f090)
This is a Full version of ISim.
# run 1000 ns
Simulator is doing circuit initialization process.
Finished circuit initialization process.
                 145@00003000: $29 <= 00003038
                 145@00003004: *00000028 <= 00003038
                 165@00003008: $ 1 <= 00000000
                 175@0000300c: *00000000 <= 00000000
                 195@00003010: $ 2 <= 00000000
                 215@00003014: $ 3 <= 00000000
                 225@00003018: $ 2 <= 00000000
                 245@0000301c: $ 3 <= 00000000
                 255@00003020: $ 2 <= 00003038
                 305@0000302c: $ 2 <= 00003038
                 355@00003038: $ 6 <= 12340000
                 385@00003044: $ 6 <= 24680000
ISim P.20131013 (signature 0x7708f090)
This is a Full version of ISim.
# run 1000 ns
Simulator is doing circuit initialization process.
Finished circuit initialization process.
                 145@00003000: $29 <= 00003038
                 145@00003004: *00000028 <= 00003038
                 165@00003008: $ 1 <= 00000000
                 175@0000300c: *00000000 <= 00000000
                 195@00003010: $ 2 <= 00000000
                 215@00003014: $ 3 <= 00000000
                 225@00003018: $ 2 <= 00000000
                 245@0000301c: $ 3 <= 00000000
                 255@00003020: $ 2 <= 00003038
                 305@0000302c: $ 2 <= 00003038
                 355@00003038: $ 6 <= 12340000
                 385@00003044: $ 6 <= 24680000
                 425@00003050: $ 6 <= 00000000
                 425@00003054: *00000000 <= 00000000
ISim P.20131013 (signature 0x7708f090)
This is a Full version of ISim.
# run 1000 ns
Simulator is doing circuit initialization process.
Finished circuit initialization process.
                 145@00003000: $29 <= 00003038
                 145@00003004: *00000028 <= 00003038
                 165@00003008: $ 1 <= 00000000
                 175@0000300c: *00000000 <= 00000000
                 195@00003010: $ 2 <= 00000000
                 215@00003014: $ 3 <= 00000000
                 225@00003018: $ 2 <= 00000000
                 245@0000301c: $ 3 <= 00000000
                 255@00003020: $ 2 <= 00003038
                 305@0000302c: $ 2 <= 00003038
                 355@00003038: $ 6 <= 12340000
                 385@00003044: $ 6 <= 24680000
                 425@00003050: $ 6 <= 00000000
                 425@00003054: *00000000 <= 00000000
