ISim log file
Running: D:\BUAACO\P7\CPU_P7\CPU_TestBench_isim_beh.exe -intstyle ise -gui -tclbatch isim.cmd -wdb D:/BUAACO/P7/CPU_P7/CPU_TestBench_isim_beh.wdb 
ISim P.20131013 (signature 0x7708f090)
This is a Full version of ISim.
Time resolution is 1 ps
# onerror resume
# wave add /
# run 1000 ns
Simulator is doing circuit initialization process.
Finished circuit initialization process.
                 145@00003000: $11 <= 00000001
                 165@00003008: $ 4 <= 00003031
                 175@00003010: *00000004 <= 00003031
                 195@00003014: $ 4 <= 00003039
                 195@00003018: *00000000 <= 00003039
                 235@00003024: $ 5 <= 00003031
                 245@00003028: $ 5 <= 00003031
                 255@0000302c: $ 3 <= 00003045
                 315@00004180: $ 1 <= 00000000
                 335@00004184: $26 <= 00000000
                 375@00004190: $26 <= 00000000
                 415@0000419c: $26 <= 00000000
                 455@000041a8: $ 1 <= 00003034
                 475@000041ac: $ 1 <= 0000303c
                 535@0000303c: $ 4 <= 7fff0000
                 545@00003040: $ 4 <= 7ffffff0
                 555@00003044: $ 4 <= 00000000
                 575@00003048: $ 4 <= 00000001
                 585@0000304c: $ 4 <= 00000000
                 595@00003050: $ 3 <= 00003045
                 615@00003058: $31 <= 00003060
                 725@0000305c: $ 6 <= 00000000
                 735@00003070: $ 7 <= abcd0000
                 745@00003074: $ 7 <= 00001234
                 755@00003078: $ 6 <= 00000000
                 765@0000307c: $ 6 <= 00000000
# restart
# run 1.00us
Simulator is doing circuit initialization process.
Finished circuit initialization process.
                 145@00003000: $11 <= 00000001
                 165@00003008: $ 4 <= 00003031
                 175@00003010: *00000004 <= 00003031
                 195@00003014: $ 4 <= 00003039
                 195@00003018: *00000000 <= 00003039
                 235@00003024: $ 5 <= 00003031
                 245@00003028: $ 5 <= 00003031
                 255@0000302c: $ 3 <= 00003045
                 315@00004180: $ 1 <= 00000000
                 335@00004184: $26 <= 00000000
                 375@00004190: $26 <= 00000000
                 415@0000419c: $26 <= 00000000
                 455@000041a8: $ 1 <= 00003034
                 475@000041ac: $ 1 <= 0000303c
                 535@0000303c: $ 4 <= 7fff0000
                 545@00003040: $ 4 <= 7ffffff0
                 555@00003044: $ 4 <= 00000000
                 575@00003048: $ 4 <= 00000001
                 585@0000304c: $ 4 <= 00000000
                 595@00003050: $ 3 <= 00003045
                 615@00003058: $31 <= 00003060
                 725@0000305c: $ 6 <= 00000000
                 735@00003070: $ 7 <= abcd0000
                 745@00003074: $ 7 <= 00001234
                 755@00003078: $ 6 <= 00000000
                 765@0000307c: $ 6 <= 00000000
ISim P.20131013 (signature 0x7708f090)
This is a Full version of ISim.
# run 1000 ns
Simulator is doing circuit initialization process.
Finished circuit initialization process.
                 145@00003000: $11 <= 00000001
                 165@00003008: $ 4 <= 00003031
                 175@00003010: *00000004 <= 00003031
                 195@00003014: $ 4 <= 00003039
                 195@00003018: *00000000 <= 00003039
                 235@00003024: $ 5 <= 00003031
                 245@00003028: $ 5 <= 00003031
                 255@0000302c: $ 3 <= 00003045
                 385@00004180: $ 1 <= 00003045
                 395@00004184: $ 1 <= 00000000
                 415@00004188: $26 <= 00000000
                 455@00004194: $26 <= 00000000
                 495@000041a0: $26 <= 00000000
                 535@000041ac: $ 1 <= 00003034
                 555@000041b0: $ 1 <= 0000303c
                 615@0000303c: $ 4 <= 7fff0000
                 625@00003040: $ 4 <= 7ffffff0
                 635@00003044: $ 4 <= 00000000
                 655@00003048: $ 4 <= 00000001
                 665@0000304c: $ 4 <= 00000000
                 675@00003050: $ 3 <= 00003045
                 695@00003058: $31 <= 00003060
                 805@0000305c: $ 6 <= 00000000
                 815@00003070: $ 7 <= abcd0000
                 825@00003074: $ 7 <= 00001234
                 835@00003078: $ 6 <= 00000000
                 845@0000307c: $ 6 <= 00000000
ISim P.20131013 (signature 0x7708f090)
This is a Full version of ISim.
# run 1000 ns
Simulator is doing circuit initialization process.
Finished circuit initialization process.
                 145@00003000: $11 <= 00000001
                 165@00003008: $ 4 <= 00003031
                 175@00003010: *00000004 <= 00003031
                 195@00003014: $ 4 <= 00003039
                 195@00003018: *00000000 <= 00003039
                 235@00003024: $ 5 <= 00003031
                 245@00003028: $ 5 <= 00003031
                 255@0000302c: $ 3 <= 00003045
                 305@00004180: $ 1 <= 00003039
                 315@00004184: $ 1 <= 00000000
                 335@00004188: $26 <= 00000000
                 375@00004194: $26 <= 00000000
                 415@000041a0: $26 <= 00000000
                 455@000041ac: $ 1 <= 00003030
                 475@000041b0: $ 1 <= 00003038
                 535@00003038: $ 6 <= 00000014
                 545@0000303c: $ 4 <= 7fff0000
                 555@00003040: $ 4 <= 7ffffff0
                 565@00003044: $ 4 <= 00000000
                 585@00003048: $ 4 <= 00000001
                 595@0000304c: $ 4 <= 00000000
                 605@00003050: $ 3 <= 00003039
                 625@00003058: $31 <= 00003060
                 735@0000305c: $ 6 <= 00000000
                 745@00003070: $ 7 <= abcd0000
                 755@00003074: $ 7 <= 00001234
                 765@00003078: $ 6 <= 00000000
                 775@0000307c: $ 6 <= 00000000
ISim P.20131013 (signature 0x7708f090)
This is a Full version of ISim.
# run 1000 ns
Simulator is doing circuit initialization process.
Finished circuit initialization process.
                 145@00003000: $11 <= 00000001
                 165@00003008: $ 4 <= 00003031
                 175@00003010: *00000004 <= 00003031
                 195@00003014: $ 4 <= 00003039
                 195@00003018: *00000000 <= 00003039
                 235@00003024: $ 5 <= 00003031
                 245@00003028: $ 5 <= 00003031
                 255@0000302c: $ 3 <= 00003045
                 275@00003034: $ 1 <= 00000001
                 285@00003038: $ 6 <= 00000014
                 295@0000303c: $ 4 <= 7fff0000
                 305@00003040: $ 4 <= 7ffffff0
                 315@00003044: $ 4 <= 00000000
                 335@00003048: $ 4 <= 00000001
                 345@0000304c: $ 4 <= 00000000
                 355@00003050: $ 3 <= 00000001
                 375@00003058: $31 <= 00003060
                 485@0000305c: $ 6 <= 00000000
                 495@00003070: $ 7 <= abcd0000
                 505@00003074: $ 7 <= 00001234
                 515@00003078: $ 6 <= 00000000
                 525@0000307c: $ 6 <= 00000000
ISim P.20131013 (signature 0x7708f090)
This is a Full version of ISim.
# run 1000 ns
Simulator is doing circuit initialization process.
Finished circuit initialization process.
                 145@00003000: $11 <= 00000001
                 165@00003008: $ 4 <= 00003031
                 175@00003010: *00000004 <= 00003031
                 195@00003014: $ 4 <= 00003039
                 195@00003018: *00000000 <= 00003039
                 235@00003024: $ 5 <= 00003031
                 245@00003028: $ 5 <= 00003031
                 255@0000302c: $ 3 <= 00003045
                 305@00004180: $ 1 <= 00003039
                 315@00004184: $ 1 <= 00000000
                 335@00004188: $26 <= 00000000
                 375@00004194: $26 <= 00000000
                 415@000041a0: $26 <= 00000000
                 455@000041ac: $ 1 <= 00003030
                 475@000041b0: $ 1 <= 00003038
                 535@00003038: $ 6 <= 00000014
                 545@0000303c: $ 4 <= 7fff0000
                 555@00003040: $ 4 <= 7ffffff0
                 565@00003044: $ 4 <= 00000000
                 585@00003048: $ 4 <= 00000001
                 595@0000304c: $ 4 <= 00000000
                 605@00003050: $ 3 <= 00003039
                 625@00003058: $31 <= 00003060
                 735@0000305c: $ 6 <= 00000000
                 745@00003070: $ 7 <= abcd0000
                 755@00003074: $ 7 <= 00001234
                 765@00003078: $ 6 <= 00000000
                 775@0000307c: $ 6 <= 00000000
