Running: D:\Xilinx\14.7\ISE_DS\ISE\bin\nt64\unwrapped\fuse.exe -intstyle ise -incremental -lib unisims_ver -lib unimacro_ver -lib xilinxcorelib_ver -o F:/Course/CO/P4/CPU/CPU_TestBench_isim_beh.exe -prj F:/Course/CO/P4/CPU/CPU_TestBench_beh.prj work.CPU_TestBench work.glbl 
ISim P.20131013 (signature 0x7708f090)
Number of CPUs detected in this system: 12
Turning on mult-threading, number of parallel sub-compilation jobs: 24 
Determining compilation order of HDL files
Analyzing Verilog file "F:/Course/CO/P4/CPU/IM.v" into library work
Analyzing Verilog file "F:/Course/CO/P4/CPU/Ctrl_And.v" into library work
Analyzing Verilog file "F:/Course/CO/P4/CPU/NPC.v" into library work
Analyzing Verilog file "F:/Course/CO/P4/CPU/LShifter.v" into library work
Analyzing Verilog file "F:/Course/CO/P4/CPU/IFU.v" into library work
Analyzing Verilog file "F:/Course/CO/P4/CPU/GRF.v" into library work
Analyzing Verilog file "F:/Course/CO/P4/CPU/Ext16to32.v" into library work
Analyzing Verilog file "F:/Course/CO/P4/CPU/DM.v" into library work
Analyzing Verilog file "F:/Course/CO/P4/CPU/Controller.v" into library work
Analyzing Verilog file "F:/Course/CO/P4/CPU/ALU.v" into library work
Analyzing Verilog file "F:/Course/CO/P4/CPU/mips.v" into library work
Analyzing Verilog file "F:/Course/CO/P4/CPU/CPU_TestBench.v" into library work
Analyzing Verilog file "D:/Xilinx/14.7/ISE_DS/ISE//verilog/src/glbl.v" into library work
Starting static elaboration
Completed static elaboration
Compiling module IM
Compiling module IFU
Compiling module GRF
Compiling module Ext16to32
Compiling module LShifter
Compiling module ALU
Compiling module DM
Compiling module NPC
Compiling module Ctrl_And
Compiling module Controller
Compiling module mips
Compiling module CPU_TestBench
Compiling module glbl
Time Resolution for simulation is 1ps.
Waiting for 1 sub-compilation(s) to finish...
Compiled 13 Verilog Units
Built simulation executable F:/Course/CO/P4/CPU/CPU_TestBench_isim_beh.exe
Fuse Memory Usage: 31668 KB
Fuse CPU Usage: 1296 ms
