Release 14.7 - xst P.20131013 (nt64)
Copyright (c) 1995-2013 Xilinx, Inc.  All rights reserved.
--> Parameter TMPDIR set to xst/projnav.tmp


Total REAL time to Xst completion: 0.00 secs
Total CPU time to Xst completion: 0.08 secs
 
--> Parameter xsthdpdir set to xst


Total REAL time to Xst completion: 0.00 secs
Total CPU time to Xst completion: 0.08 secs
 
--> Reading design: GRF.prj

TABLE OF CONTENTS
  1) Synthesis Options Summary
  2) HDL Compilation
  3) Design Hierarchy Analysis
  4) HDL Analysis
  5) HDL Synthesis
     5.1) HDL Synthesis Report
  6) Advanced HDL Synthesis
     6.1) Advanced HDL Synthesis Report
  7) Low Level Synthesis
  8) Partition Report
  9) Final Report
	9.1) Device utilization summary
	9.2) Partition Resource Summary
	9.3) TIMING REPORT


=========================================================================
*                      Synthesis Options Summary                        *
=========================================================================
---- Source Parameters
Input File Name                    : "GRF.prj"
Input Format                       : mixed
Ignore Synthesis Constraint File   : NO

---- Target Parameters
Output File Name                   : "GRF"
Output Format                      : NGC
Target Device                      : xa3s50-4-vqg100

---- Source Options
Top Module Name                    : GRF
Automatic FSM Extraction           : YES
FSM Encoding Algorithm             : Auto
Safe Implementation                : No
FSM Style                          : LUT
RAM Extraction                     : Yes
RAM Style                          : Auto
ROM Extraction                     : Yes
Mux Style                          : Auto
Decoder Extraction                 : YES
Priority Encoder Extraction        : Yes
Shift Register Extraction          : YES
Logical Shifter Extraction         : YES
XOR Collapsing                     : YES
ROM Style                          : Auto
Mux Extraction                     : Yes
Resource Sharing                   : YES
Asynchronous To Synchronous        : NO
Multiplier Style                   : Auto
Automatic Register Balancing       : No

---- Target Options
Add IO Buffers                     : YES
Global Maximum Fanout              : 100000
Add Generic Clock Buffer(BUFG)     : 8
Register Duplication               : YES
Slice Packing                      : YES
Optimize Instantiated Primitives   : NO
Use Clock Enable                   : Yes
Use Synchronous Set                : Yes
Use Synchronous Reset              : Yes
Pack IO Registers into IOBs        : Auto
Equivalent register Removal        : YES

---- General Options
Optimization Goal                  : Speed
Optimization Effort                : 1
Keep Hierarchy                     : No
Netlist Hierarchy                  : As_Optimized
RTL Output                         : Yes
Global Optimization                : AllClockNets
Read Cores                         : YES
Write Timing Constraints           : NO
Cross Clock Analysis               : NO
Hierarchy Separator                : /
Bus Delimiter                      : <>
Case Specifier                     : Maintain
Slice Utilization Ratio            : 100
BRAM Utilization Ratio             : 100
Verilog 2001                       : YES
Auto BRAM Packing                  : NO
Slice Utilization Ratio Delta      : 5

=========================================================================


=========================================================================
*                          HDL Compilation                              *
=========================================================================
Compiling verilog file "GRF.v" in library work
Module <GRF> compiled
No errors in compilation
Analysis of file <"GRF.prj"> succeeded.
 

=========================================================================
*                     Design Hierarchy Analysis                         *
=========================================================================
Analyzing hierarchy for module <GRF> in library <work>.


=========================================================================
*                            HDL Analysis                               *
=========================================================================
Analyzing top module <GRF>.
Module <GRF> is correct for synthesis.
 

=========================================================================
*                           HDL Synthesis                               *
=========================================================================

Performing bidirectional port resolution...
INFO:Xst:2679 - Register <i> in unit <GRF> has a constant value of 100000 during circuit operation. The register is replaced by logic.

Synthesizing Unit <GRF>.
    Related source file is "GRF.v".
    Found 32-bit register for signal <RData0>.
    Found 32-bit register for signal <RData1>.
    Found 1024-bit register for signal <reg32>.
INFO:Xst:738 - HDL ADVISOR - 1024 flip-flops were inferred for signal <reg32>. You may be trying to describe a RAM in a way that is incompatible with block and distributed RAM resources available on Xilinx devices, or with a specific template that is not supported. Please review the Xilinx resources documentation and the XST user manual for coding guidelines. Taking advantage of RAM resources will lead to improved device usage and reduced synthesis time.
    Summary:
	inferred 1088 D-type flip-flop(s).
	inferred  64 Multiplexer(s).
Unit <GRF> synthesized.


=========================================================================
HDL Synthesis Report

Macro Statistics
# Registers                                            : 34
 32-bit register                                       : 34
# Multiplexers                                         : 2
 32-bit 32-to-1 multiplexer                            : 2

=========================================================================

=========================================================================
*                       Advanced HDL Synthesis                          *
=========================================================================

WARNING:Xst:1710 - FF/Latch <reg32_0_31> (without init value) has a constant value of 0 in block <GRF>. This FF/Latch will be trimmed during the optimization process.
WARNING:Xst:1895 - Due to other FF/Latch trimming, FF/Latch <reg32_0_30> (without init value) has a constant value of 0 in block <GRF>. This FF/Latch will be trimmed during the optimization process.
WARNING:Xst:1895 - Due to other FF/Latch trimming, FF/Latch <reg32_0_29> (without init value) has a constant value of 0 in block <GRF>. This FF/Latch will be trimmed during the optimization process.
WARNING:Xst:1895 - Due to other FF/Latch trimming, FF/Latch <reg32_0_28> (without init value) has a constant value of 0 in block <GRF>. This FF/Latch will be trimmed during the optimization process.
WARNING:Xst:1895 - Due to other FF/Latch trimming, FF/Latch <reg32_0_27> (without init value) has a constant value of 0 in block <GRF>. This FF/Latch will be trimmed during the optimization process.
WARNING:Xst:1895 - Due to other FF/Latch trimming, FF/Latch <reg32_0_26> (without init value) has a constant value of 0 in block <GRF>. This FF/Latch will be trimmed during the optimization process.
WARNING:Xst:1895 - Due to other FF/Latch trimming, FF/Latch <reg32_0_25> (without init value) has a constant value of 0 in block <GRF>. This FF/Latch will be trimmed during the optimization process.
WARNING:Xst:1895 - Due to other FF/Latch trimming, FF/Latch <reg32_0_24> (without init value) has a constant value of 0 in block <GRF>. This FF/Latch will be trimmed during the optimization process.
WARNING:Xst:1895 - Due to other FF/Latch trimming, FF/Latch <reg32_0_23> (without init value) has a constant value of 0 in block <GRF>. This FF/Latch will be trimmed during the optimization process.
WARNING:Xst:1895 - Due to other FF/Latch trimming, FF/Latch <reg32_0_22> (without init value) has a constant value of 0 in block <GRF>. This FF/Latch will be trimmed during the optimization process.
WARNING:Xst:1895 - Due to other FF/Latch trimming, FF/Latch <reg32_0_21> (without init value) has a constant value of 0 in block <GRF>. This FF/Latch will be trimmed during the optimization process.
WARNING:Xst:1895 - Due to other FF/Latch trimming, FF/Latch <reg32_0_20> (without init value) has a constant value of 0 in block <GRF>. This FF/Latch will be trimmed during the optimization process.
WARNING:Xst:1895 - Due to other FF/Latch trimming, FF/Latch <reg32_0_19> (without init value) has a constant value of 0 in block <GRF>. This FF/Latch will be trimmed during the optimization process.
WARNING:Xst:1895 - Due to other FF/Latch trimming, FF/Latch <reg32_0_18> (without init value) has a constant value of 0 in block <GRF>. This FF/Latch will be trimmed during the optimization process.
WARNING:Xst:1895 - Due to other FF/Latch trimming, FF/Latch <reg32_0_17> (without init value) has a constant value of 0 in block <GRF>. This FF/Latch will be trimmed during the optimization process.
WARNING:Xst:1895 - Due to other FF/Latch trimming, FF/Latch <reg32_0_16> (without init value) has a constant value of 0 in block <GRF>. This FF/Latch will be trimmed during the optimization process.
WARNING:Xst:1895 - Due to other FF/Latch trimming, FF/Latch <reg32_0_15> (without init value) has a constant value of 0 in block <GRF>. This FF/Latch will be trimmed during the optimization process.
WARNING:Xst:1895 - Due to other FF/Latch trimming, FF/Latch <reg32_0_14> (without init value) has a constant value of 0 in block <GRF>. This FF/Latch will be trimmed during the optimization process.
WARNING:Xst:1895 - Due to other FF/Latch trimming, FF/Latch <reg32_0_13> (without init value) has a constant value of 0 in block <GRF>. This FF/Latch will be trimmed during the optimization process.
WARNING:Xst:1895 - Due to other FF/Latch trimming, FF/Latch <reg32_0_12> (without init value) has a constant value of 0 in block <GRF>. This FF/Latch will be trimmed during the optimization process.
WARNING:Xst:1895 - Due to other FF/Latch trimming, FF/Latch <reg32_0_11> (without init value) has a constant value of 0 in block <GRF>. This FF/Latch will be trimmed during the optimization process.
WARNING:Xst:1895 - Due to other FF/Latch trimming, FF/Latch <reg32_0_10> (without init value) has a constant value of 0 in block <GRF>. This FF/Latch will be trimmed during the optimization process.
WARNING:Xst:1895 - Due to other FF/Latch trimming, FF/Latch <reg32_0_9> (without init value) has a constant value of 0 in block <GRF>. This FF/Latch will be trimmed during the optimization process.
WARNING:Xst:1895 - Due to other FF/Latch trimming, FF/Latch <reg32_0_8> (without init value) has a constant value of 0 in block <GRF>. This FF/Latch will be trimmed during the optimization process.
WARNING:Xst:1895 - Due to other FF/Latch trimming, FF/Latch <reg32_0_7> (without init value) has a constant value of 0 in block <GRF>. This FF/Latch will be trimmed during the optimization process.
WARNING:Xst:1895 - Due to other FF/Latch trimming, FF/Latch <reg32_0_6> (without init value) has a constant value of 0 in block <GRF>. This FF/Latch will be trimmed during the optimization process.
WARNING:Xst:1895 - Due to other FF/Latch trimming, FF/Latch <reg32_0_5> (without init value) has a constant value of 0 in block <GRF>. This FF/Latch will be trimmed during the optimization process.
WARNING:Xst:1895 - Due to other FF/Latch trimming, FF/Latch <reg32_0_4> (without init value) has a constant value of 0 in block <GRF>. This FF/Latch will be trimmed during the optimization process.
WARNING:Xst:1895 - Due to other FF/Latch trimming, FF/Latch <reg32_0_3> (without init value) has a constant value of 0 in block <GRF>. This FF/Latch will be trimmed during the optimization process.
WARNING:Xst:1895 - Due to other FF/Latch trimming, FF/Latch <reg32_0_2> (without init value) has a constant value of 0 in block <GRF>. This FF/Latch will be trimmed during the optimization process.
WARNING:Xst:1895 - Due to other FF/Latch trimming, FF/Latch <reg32_0_1> (without init value) has a constant value of 0 in block <GRF>. This FF/Latch will be trimmed during the optimization process.
WARNING:Xst:1895 - Due to other FF/Latch trimming, FF/Latch <reg32_0_0> (without init value) has a constant value of 0 in block <GRF>. This FF/Latch will be trimmed during the optimization process.

=========================================================================
Advanced HDL Synthesis Report

Macro Statistics
# Registers                                            : 1088
 Flip-Flops                                            : 1088
# Multiplexers                                         : 64
 1-bit 32-to-1 multiplexer                             : 64

=========================================================================

=========================================================================
*                         Low Level Synthesis                           *
=========================================================================
WARNING:Xst:1710 - FF/Latch <reg32_0_31> (without init value) has a constant value of 0 in block <GRF>. This FF/Latch will be trimmed during the optimization process.
WARNING:Xst:1895 - Due to other FF/Latch trimming, FF/Latch <reg32_0_30> (without init value) has a constant value of 0 in block <GRF>. This FF/Latch will be trimmed during the optimization process.
WARNING:Xst:1895 - Due to other FF/Latch trimming, FF/Latch <reg32_0_29> (without init value) has a constant value of 0 in block <GRF>. This FF/Latch will be trimmed during the optimization process.
WARNING:Xst:1895 - Due to other FF/Latch trimming, FF/Latch <reg32_0_28> (without init value) has a constant value of 0 in block <GRF>. This FF/Latch will be trimmed during the optimization process.
WARNING:Xst:1895 - Due to other FF/Latch trimming, FF/Latch <reg32_0_27> (without init value) has a constant value of 0 in block <GRF>. This FF/Latch will be trimmed during the optimization process.
WARNING:Xst:1895 - Due to other FF/Latch trimming, FF/Latch <reg32_0_26> (without init value) has a constant value of 0 in block <GRF>. This FF/Latch will be trimmed during the optimization process.
WARNING:Xst:1895 - Due to other FF/Latch trimming, FF/Latch <reg32_0_25> (without init value) has a constant value of 0 in block <GRF>. This FF/Latch will be trimmed during the optimization process.
WARNING:Xst:1895 - Due to other FF/Latch trimming, FF/Latch <reg32_0_24> (without init value) has a constant value of 0 in block <GRF>. This FF/Latch will be trimmed during the optimization process.
WARNING:Xst:1895 - Due to other FF/Latch trimming, FF/Latch <reg32_0_23> (without init value) has a constant value of 0 in block <GRF>. This FF/Latch will be trimmed during the optimization process.
WARNING:Xst:1895 - Due to other FF/Latch trimming, FF/Latch <reg32_0_22> (without init value) has a constant value of 0 in block <GRF>. This FF/Latch will be trimmed during the optimization process.
WARNING:Xst:1895 - Due to other FF/Latch trimming, FF/Latch <reg32_0_21> (without init value) has a constant value of 0 in block <GRF>. This FF/Latch will be trimmed during the optimization process.
WARNING:Xst:1895 - Due to other FF/Latch trimming, FF/Latch <reg32_0_20> (without init value) has a constant value of 0 in block <GRF>. This FF/Latch will be trimmed during the optimization process.
WARNING:Xst:1895 - Due to other FF/Latch trimming, FF/Latch <reg32_0_19> (without init value) has a constant value of 0 in block <GRF>. This FF/Latch will be trimmed during the optimization process.
WARNING:Xst:1895 - Due to other FF/Latch trimming, FF/Latch <reg32_0_18> (without init value) has a constant value of 0 in block <GRF>. This FF/Latch will be trimmed during the optimization process.
WARNING:Xst:1895 - Due to other FF/Latch trimming, FF/Latch <reg32_0_17> (without init value) has a constant value of 0 in block <GRF>. This FF/Latch will be trimmed during the optimization process.
WARNING:Xst:1895 - Due to other FF/Latch trimming, FF/Latch <reg32_0_16> (without init value) has a constant value of 0 in block <GRF>. This FF/Latch will be trimmed during the optimization process.
WARNING:Xst:1895 - Due to other FF/Latch trimming, FF/Latch <reg32_0_15> (without init value) has a constant value of 0 in block <GRF>. This FF/Latch will be trimmed during the optimization process.
WARNING:Xst:1895 - Due to other FF/Latch trimming, FF/Latch <reg32_0_14> (without init value) has a constant value of 0 in block <GRF>. This FF/Latch will be trimmed during the optimization process.
WARNING:Xst:1895 - Due to other FF/Latch trimming, FF/Latch <reg32_0_13> (without init value) has a constant value of 0 in block <GRF>. This FF/Latch will be trimmed during the optimization process.
WARNING:Xst:1895 - Due to other FF/Latch trimming, FF/Latch <reg32_0_12> (without init value) has a constant value of 0 in block <GRF>. This FF/Latch will be trimmed during the optimization process.
WARNING:Xst:1895 - Due to other FF/Latch trimming, FF/Latch <reg32_0_11> (without init value) has a constant value of 0 in block <GRF>. This FF/Latch will be trimmed during the optimization process.
WARNING:Xst:1895 - Due to other FF/Latch trimming, FF/Latch <reg32_0_10> (without init value) has a constant value of 0 in block <GRF>. This FF/Latch will be trimmed during the optimization process.
WARNING:Xst:1895 - Due to other FF/Latch trimming, FF/Latch <reg32_0_9> (without init value) has a constant value of 0 in block <GRF>. This FF/Latch will be trimmed during the optimization process.
WARNING:Xst:1895 - Due to other FF/Latch trimming, FF/Latch <reg32_0_8> (without init value) has a constant value of 0 in block <GRF>. This FF/Latch will be trimmed during the optimization process.
WARNING:Xst:1895 - Due to other FF/Latch trimming, FF/Latch <reg32_0_7> (without init value) has a constant value of 0 in block <GRF>. This FF/Latch will be trimmed during the optimization process.
WARNING:Xst:1895 - Due to other FF/Latch trimming, FF/Latch <reg32_0_6> (without init value) has a constant value of 0 in block <GRF>. This FF/Latch will be trimmed during the optimization process.
WARNING:Xst:1895 - Due to other FF/Latch trimming, FF/Latch <reg32_0_5> (without init value) has a constant value of 0 in block <GRF>. This FF/Latch will be trimmed during the optimization process.
WARNING:Xst:1895 - Due to other FF/Latch trimming, FF/Latch <reg32_0_4> (without init value) has a constant value of 0 in block <GRF>. This FF/Latch will be trimmed during the optimization process.
WARNING:Xst:1895 - Due to other FF/Latch trimming, FF/Latch <reg32_0_3> (without init value) has a constant value of 0 in block <GRF>. This FF/Latch will be trimmed during the optimization process.
WARNING:Xst:1895 - Due to other FF/Latch trimming, FF/Latch <reg32_0_2> (without init value) has a constant value of 0 in block <GRF>. This FF/Latch will be trimmed during the optimization process.
WARNING:Xst:1895 - Due to other FF/Latch trimming, FF/Latch <reg32_0_1> (without init value) has a constant value of 0 in block <GRF>. This FF/Latch will be trimmed during the optimization process.
WARNING:Xst:1895 - Due to other FF/Latch trimming, FF/Latch <reg32_0_0> (without init value) has a constant value of 0 in block <GRF>. This FF/Latch will be trimmed during the optimization process.

Optimizing unit <GRF> ...

Mapping all equations...
Building and optimizing final netlist ...
Found area constraint ratio of 100 (+ 5) on block GRF, actual ratio is 149.
Optimizing block <GRF> to meet ratio 100 (+ 5) of 768 slices :
WARNING:Xst:2254 - Area constraint could not be met for block <GRF>, final ratio is 149.

Final Macro Processing ...

=========================================================================
Final Register Report

Macro Statistics
# Registers                                            : 1056
 Flip-Flops                                            : 1056

=========================================================================

=========================================================================
*                           Partition Report                            *
=========================================================================

Partition Implementation Status
-------------------------------

  No Partitions were found in this design.

-------------------------------

=========================================================================
*                            Final Report                               *
=========================================================================
Final Results
RTL Top Level Output File Name     : GRF.ngr
Top Level Output File Name         : GRF
Output Format                      : NGC
Optimization Goal                  : Speed
Keep Hierarchy                     : No

Design Statistics
# IOs                              : 114

Cell Usage :
# BELS                             : 2024
#      INV                         : 1
#      LUT2                        : 64
#      LUT3                        : 991
#      LUT4                        : 8
#      MUXF5                       : 512
#      MUXF6                       : 256
#      MUXF7                       : 128
#      MUXF8                       : 64
# FlipFlops/Latches                : 1056
#      FD                          : 64
#      FDRE                        : 992
# Clock Buffers                    : 1
#      BUFGP                       : 1
# IO Buffers                       : 113
#      IBUF                        : 49
#      OBUF                        : 64
=========================================================================

Device utilization summary:
---------------------------

Selected Device : xa3s50vqg100-4 

 Number of Slices:                     1149  out of    768   149% (*) 
 Number of Slice Flip Flops:           1056  out of   1536    68%  
 Number of 4 input LUTs:               1064  out of   1536    69%  
 Number of IOs:                         114
 Number of bonded IOBs:                 114  out of     63   180% (*) 
 Number of GCLKs:                         1  out of      8    12%  

WARNING:Xst:1336 -  (*) More than 100% of Device resources are used

---------------------------
Partition Resource Summary:
---------------------------

  No Partitions were found in this design.

---------------------------


=========================================================================
TIMING REPORT

NOTE: THESE TIMING NUMBERS ARE ONLY A SYNTHESIS ESTIMATE.
      FOR ACCURATE TIMING INFORMATION PLEASE REFER TO THE TRACE REPORT
      GENERATED AFTER PLACE-and-ROUTE.

Clock Information:
------------------
-----------------------------------+------------------------+-------+
Clock Signal                       | Clock buffer(FF name)  | Load  |
-----------------------------------+------------------------+-------+
clk                                | BUFGP                  | 1056  |
-----------------------------------+------------------------+-------+

Asynchronous Control Signals Information:
----------------------------------------
No asynchronous control signals found in this design

Timing Summary:
---------------
Speed Grade: -4

   Minimum period: 3.932ns (Maximum Frequency: 254.323MHz)
   Minimum input arrival time before clock: 7.834ns
   Maximum output required time after clock: 7.165ns
   Maximum combinational path delay: No path found

Timing Detail:
--------------
All values displayed in nanoseconds (ns)

=========================================================================
Timing constraint: Default period analysis for Clock 'clk'
  Clock period: 3.932ns (frequency: 254.323MHz)
  Total number of paths / destination ports: 1984 / 64
-------------------------------------------------------------------------
Delay:               3.932ns (Levels of Logic = 5)
  Source:            reg32_1_0 (FF)
  Destination:       RData0_0 (FF)
  Source Clock:      clk rising
  Destination Clock: clk rising

  Data Path: reg32_1_0 to RData0_0
                                Gate     Net
    Cell:in->out      fanout   Delay   Delay  Logical Name (Net Name)
    ----------------------------------------  ------------
     FDRE:C->Q             2   0.720   1.072  reg32_1_0 (reg32_1_0)
     LUT2:I1->O            1   0.551   0.000  mux_10 (mux_10)
     MUXF5:I0->O           1   0.360   0.000  mux_8_f5 (mux_8_f5)
     MUXF6:I0->O           1   0.342   0.000  mux_6_f6 (mux_6_f6)
     MUXF7:I0->O           1   0.342   0.000  mux_4_f7 (mux_4_f7)
     MUXF8:I0->O           1   0.342   0.000  mux_2_f8 (_COND_1<0>)
     FD:D                      0.203          RData0_0
    ----------------------------------------
    Total                      3.932ns (2.860ns logic, 1.072ns route)
                                       (72.7% logic, 27.3% route)

=========================================================================
Timing constraint: Default OFFSET IN BEFORE for Clock 'clk'
  Total number of paths / destination ports: 9920 / 3040
-------------------------------------------------------------------------
Offset:              7.834ns (Levels of Logic = 6)
  Source:            RAddr0<0> (PAD)
  Destination:       RData0_0 (FF)
  Destination Clock: clk rising

  Data Path: RAddr0<0> to RData0_0
                                Gate     Net
    Cell:in->out      fanout   Delay   Delay  Logical Name (Net Name)
    ----------------------------------------  ------------
     IBUF:I->O           512   0.821   4.873  RAddr0_0_IBUF (RAddr0_0_IBUF)
     LUT3:I0->O            1   0.551   0.000  mux_85 (mux_85)
     MUXF5:I1->O           1   0.360   0.000  mux_7_f5_1 (mux_7_f52)
     MUXF6:I1->O           1   0.342   0.000  mux_6_f6 (mux_6_f6)
     MUXF7:I0->O           1   0.342   0.000  mux_4_f7 (mux_4_f7)
     MUXF8:I0->O           1   0.342   0.000  mux_2_f8 (_COND_1<0>)
     FD:D                      0.203          RData0_0
    ----------------------------------------
    Total                      7.834ns (2.961ns logic, 4.873ns route)
                                       (37.8% logic, 62.2% route)

=========================================================================
Timing constraint: Default OFFSET OUT AFTER for Clock 'clk'
  Total number of paths / destination ports: 64 / 64
-------------------------------------------------------------------------
Offset:              7.165ns (Levels of Logic = 1)
  Source:            RData0_31 (FF)
  Destination:       RData0<31> (PAD)
  Source Clock:      clk rising

  Data Path: RData0_31 to RData0<31>
                                Gate     Net
    Cell:in->out      fanout   Delay   Delay  Logical Name (Net Name)
    ----------------------------------------  ------------
     FD:C->Q               1   0.720   0.801  RData0_31 (RData0_31)
     OBUF:I->O                 5.644          RData0_31_OBUF (RData0<31>)
    ----------------------------------------
    Total                      7.165ns (6.364ns logic, 0.801ns route)
                                       (88.8% logic, 11.2% route)

=========================================================================


Total REAL time to Xst completion: 7.00 secs
Total CPU time to Xst completion: 7.23 secs
 
--> 

Total memory usage is 4556068 kilobytes

Number of errors   :    0 (   0 filtered)
Number of warnings :   66 (   0 filtered)
Number of infos    :    2 (   0 filtered)

